[2022-07-24 17:38:59.571] log.py -> logMsg line:73 [INFO] : step1: 1,openurl,打开浏览器,Logon,,https://weibo.com/,,,1,1,1,1
[2022-07-24 17:39:02.165] log.py -> logMsg line:73 [INFO] : run success 
[2022-07-24 17:39:02.165] log.py -> logMsg line:73 [INFO] : step2: 2,refresh,刷新,Logon,,,,,10,1,1,1
[2022-07-24 17:39:12.525] log.py -> logMsg line:73 [INFO] : run success 
[2022-07-24 17:39:12.525] log.py -> logMsg line:73 [INFO] : step3: 3,click,电影,Logon,//*[@id="app"]/div[1]/div[2]/div[2]/main/div[1]/div/div[1]/div/div/div/div[3]/div/div,,,,2,1,1,1
[2022-07-24 17:39:14.806] log.py -> logMsg line:73 [INFO] : run success 
[2022-07-24 17:39:14.807] log.py -> logMsg line:73 [INFO] : step4: 4,close,close webdrive,Logon,,,,,1,1,1,1
[2022-07-24 17:39:15.954] log.py -> logMsg line:73 [INFO] : run success 
[2022-07-24 17:39:15.957] log.py -> logMsg line:73 [INFO] : global dictionary：{'date': '2022-07-24 17:39:15.957764', 'time': '1658655555958', 'today': '24-Jul-2022', 'today+six': '30-Jul-2022', 'today-six': '18-Jul-2022'}
[2022-07-24 21:14:52.503] log.py -> logMsg line:73 [INFO] : step1: 1,openurl,打开浏览器,Logon,,https://weibo.com/,,,1,1,1,1
[2022-07-24 21:14:55.045] log.py -> logMsg line:73 [INFO] : run success 
[2022-07-24 21:14:55.045] log.py -> logMsg line:73 [INFO] : step2: 2,refresh,刷新,Logon,,,,,10,1,1,1
[2022-07-24 21:15:05.414] log.py -> logMsg line:73 [INFO] : run success 
[2022-07-24 21:15:05.414] log.py -> logMsg line:73 [INFO] : step3: 3,click,电影,Logon,//*[@id="app"]/div[1]/div[2]/div[2]/main/div[1]/div/div[1]/div/div/div/div[3]/div/div,,,,2,1,1,1
[2022-07-24 21:15:07.728] log.py -> logMsg line:73 [INFO] : run success 
[2022-07-24 21:15:07.728] log.py -> logMsg line:73 [INFO] : step4: 4,close,close webdrive,Logon,,,,,1,1,1,1
[2022-07-24 21:15:08.879] log.py -> logMsg line:73 [INFO] : run success 
[2022-07-24 21:15:08.881] log.py -> logMsg line:73 [INFO] : global dictionary：{'date': '2022-07-24 21:15:08.881196', 'time': '1658668508881', 'today': '24-Jul-2022', 'today+six': '30-Jul-2022', 'today-six': '18-Jul-2022'}
[2022-07-24 21:21:05.711] log.py -> logMsg line:73 [INFO] : step1: 1,openurl,打开浏览器,Logon,,https://weibo.com/,,,1,1,1,1
[2022-07-24 21:21:08.236] log.py -> logMsg line:73 [INFO] : run success 
[2022-07-24 21:21:08.236] log.py -> logMsg line:73 [INFO] : step2: 2,refresh,刷新,Logon,,,,,10,1,1,1
[2022-07-24 21:21:18.592] log.py -> logMsg line:73 [INFO] : run success 
[2022-07-24 21:21:18.592] log.py -> logMsg line:73 [INFO] : step3: 3,click,电影,Logon,//*[@id="app"]/div[1]/div[2]/div[2]/main/div[1]/div/div[1]/div/div/div/div[3]/div/div,,,,2,1,1,1
[2022-07-24 21:21:20.933] log.py -> logMsg line:73 [INFO] : run success 
[2022-07-24 21:21:20.934] log.py -> logMsg line:73 [INFO] : step4: 4,close,close webdrive,Logon,,,,,2,1,1,1
[2022-07-24 21:21:23.081] log.py -> logMsg line:73 [INFO] : run success 
[2022-07-24 21:21:23.082] log.py -> logMsg line:73 [INFO] : step1: 1,openurl,打开浏览器,Logon,,https://weibo.com/,,,1,1,1,1
[2022-07-24 21:21:27.864] log.py -> logMsg line:73 [INFO] : run success 
[2022-07-24 21:21:27.864] log.py -> logMsg line:73 [INFO] : step2: 2,refresh,刷新,Logon,,,,,10,1,1,1
[2022-07-24 21:21:38.235] log.py -> logMsg line:73 [INFO] : run success 
[2022-07-24 21:21:38.235] log.py -> logMsg line:73 [INFO] : step3: 3,click,同城,Logon,//*[@id="app"]/div[1]/div[2]/div[2]/main/div[1]/div/div[1]/div/div/div/div[2]/div/div,,,,2,1,1,1
[2022-07-24 21:21:40.525] log.py -> logMsg line:73 [INFO] : run success 
[2022-07-24 21:21:40.525] log.py -> logMsg line:73 [INFO] : step4: 4,close,close webdrive,Logon,,,,,2,1,1,1
[2022-07-24 21:21:42.672] log.py -> logMsg line:73 [INFO] : run success 
[2022-07-24 21:21:42.676] log.py -> logMsg line:73 [INFO] : global dictionary：{'date': '2022-07-24 21:21:42.676763', 'time': '1658668902677', 'today': '24-Jul-2022', 'today+six': '30-Jul-2022', 'today-six': '18-Jul-2022'}
[2022-07-24 21:31:19.722] log.py -> logMsg line:73 [INFO] : step1: 1,openurl,打开浏览器,Logon,,https://weibo.com/,,,1,1,1,1
[2022-07-24 21:31:25.954] log.py -> logMsg line:73 [INFO] : run success 
[2022-07-24 21:31:25.954] log.py -> logMsg line:73 [INFO] : step2: 2,refresh,刷新,Logon,,,,,10,1,1,1
[2022-07-24 21:31:36.807] log.py -> logMsg line:73 [INFO] : run success 
[2022-07-24 21:31:36.808] log.py -> logMsg line:73 [INFO] : step3: 3,click,电影,Logon,//*[@id="app"]/div[1]/div[2]/div[2]/main/div[1]/div/div[1]/div/div/div/div[3]/div/div,,,,2,1,1,1
[2022-07-24 21:31:39.681] log.py -> logMsg line:73 [INFO] : run success 
[2022-07-24 21:31:39.682] log.py -> logMsg line:73 [INFO] : step4: 4,close,close webdrive,Logon,,,,,2,1,1,1
[2022-07-24 21:31:42.181] log.py -> logMsg line:73 [INFO] : run success 
[2022-07-24 21:31:42.181] log.py -> logMsg line:73 [INFO] : step1: 1,openurl,打开浏览器,Logon,,https://weibo.com/,,,1,1,1,1
[2022-07-24 21:31:48.252] log.py -> logMsg line:73 [INFO] : run success 
[2022-07-24 21:31:48.252] log.py -> logMsg line:73 [INFO] : step2: 2,refresh,刷新,Logon,,,,,10,1,1,1
[2022-07-24 21:31:59.091] log.py -> logMsg line:73 [INFO] : run success 
[2022-07-24 21:31:59.092] log.py -> logMsg line:73 [INFO] : step3: 3,click,同城,Logon,//*[@id="app"]/div[1]/div[2]/div[2]/main/div[1]/div/div[1]/div/div/div/div[2]/div/div,,,,2,1,1,1
[2022-07-24 21:32:01.922] log.py -> logMsg line:73 [INFO] : run success 
[2022-07-24 21:32:01.923] log.py -> logMsg line:73 [INFO] : step4: 4,close,close webdrive,Logon,,,,,2,1,1,1
[2022-07-24 21:32:04.416] log.py -> logMsg line:73 [INFO] : run success 
[2022-07-24 21:32:04.417] log.py -> logMsg line:73 [INFO] : global dictionary：{'date': '2022-07-24 21:32:04.417883', 'time': '1658669524418', 'today': '24-Jul-2022', 'today+six': '30-Jul-2022', 'today-six': '18-Jul-2022'}
[2022-07-24 21:33:33.500] log.py -> logMsg line:73 [INFO] : step1: 1,openurl,打开浏览器,Logon,,https://weibo.com/,,,1,1,1,1
[2022-07-24 21:33:39.534] log.py -> logMsg line:73 [INFO] : run success 
[2022-07-24 21:33:39.534] log.py -> logMsg line:73 [INFO] : step2: 2,refresh,刷新,Logon,,,,,10,1,1,1
[2022-07-24 21:33:50.348] log.py -> logMsg line:73 [INFO] : run success 
[2022-07-24 21:33:50.348] log.py -> logMsg line:73 [INFO] : step3: 3,click,电影,Logon,//*[@id="app"]/div[1]/div[2]/div[2]/main/div[1]/div/div[1]/div/div/div/div[3]/div/div,,,,2,1,1,1
[2022-07-24 21:33:53.254] log.py -> logMsg line:73 [INFO] : run success 
[2022-07-24 21:33:53.254] log.py -> logMsg line:73 [INFO] : step4: 4,close,close webdrive,Logon,,,,,2,1,1,1
[2022-07-24 21:33:55.753] log.py -> logMsg line:73 [INFO] : run success 
[2022-07-24 21:33:55.753] log.py -> logMsg line:73 [INFO] : step1: 1,openurl,打开浏览器,Logon,,https://weibo.com/,,,1,1,1,1
[2022-07-24 21:34:01.800] log.py -> logMsg line:73 [INFO] : run success 
[2022-07-24 21:34:01.800] log.py -> logMsg line:73 [INFO] : step2: 2,refresh,刷新,Logon,,,,,10,1,1,1
[2022-07-24 21:34:12.614] log.py -> logMsg line:73 [INFO] : run success 
[2022-07-24 21:34:12.615] log.py -> logMsg line:73 [INFO] : step3: 3,click,同城,Logon,//*[@id="app"]/div[1]/div[2]/div[2]/main/div[1]/div/div[1]/div/div/div/div[2]/div/div,,,,2,1,1,1
[2022-07-24 21:34:15.560] log.py -> logMsg line:73 [INFO] : run success 
[2022-07-24 21:34:15.560] log.py -> logMsg line:73 [INFO] : step4: 4,close,close webdrive,Logon,,,,,2,1,1,1
[2022-07-24 21:34:18.070] log.py -> logMsg line:73 [INFO] : run success 
[2022-07-24 21:34:18.072] log.py -> logMsg line:73 [INFO] : global dictionary：{'date': '2022-07-24 21:34:18.072192', 'time': '1658669658072', 'today': '24-Jul-2022', 'today+six': '30-Jul-2022', 'today-six': '18-Jul-2022'}
[2022-07-24 21:35:07.145] log.py -> logMsg line:73 [INFO] : step1: 1,openurl,打开浏览器,Logon,,https://weibo.com/,,,1,1,1,1
[2022-07-24 21:35:13.217] log.py -> logMsg line:73 [INFO] : run success 
[2022-07-24 21:35:13.217] log.py -> logMsg line:73 [INFO] : step2: 2,refresh,刷新,Logon,,,,,10,1,1,1
[2022-07-24 21:35:23.555] log.py -> logMsg line:73 [INFO] : run success 
[2022-07-24 21:35:23.555] log.py -> logMsg line:73 [INFO] : step3: 3,click,电影,Logon,//*[@id="app"]/div[1]/div[2]/div[2]/main/div[1]/div/div[1]/div/div/div/div[3]/div/div,,,,2,1,1,1
[2022-07-24 21:35:25.588] log.py -> logMsg line:75 [WARNING] : NotFound://*[@id="app"]/div[1]/div[2]/div[2]/main/div[1]/div/div[1]/div/div/div/div[3]/div/div
[2022-07-24 21:35:25.591] log.py -> logMsg line:77 [ERROR] : element locate fail
[2022-07-24 21:35:25.591] log.py -> logMsg line:73 [INFO] : case execute stop casue:None
[2022-07-24 21:35:52.014] log.py -> logMsg line:73 [INFO] : step1: 1,openurl,打开浏览器,Logon,,https://weibo.com/,,,1,1,1,1
[2022-07-24 21:35:58.050] log.py -> logMsg line:73 [INFO] : run success 
[2022-07-24 21:35:58.050] log.py -> logMsg line:73 [INFO] : step2: 2,refresh,刷新,Logon,,,,,10,1,1,1
[2022-07-24 21:36:08.986] log.py -> logMsg line:73 [INFO] : run success 
[2022-07-24 21:36:08.986] log.py -> logMsg line:73 [INFO] : step3: 3,click,电影,Logon,//*[@id="app"]/div[1]/div[2]/div[2]/main/div[1]/div/div[1]/div/div/div/div[3]/div/div,,,,2,1,1,1
[2022-07-24 21:36:12.220] log.py -> logMsg line:73 [INFO] : run success 
[2022-07-24 21:36:12.220] log.py -> logMsg line:73 [INFO] : step4: 4,close,close webdrive,Logon,,,,,2,1,1,1
[2022-07-24 21:36:14.717] log.py -> logMsg line:73 [INFO] : run success 
[2022-07-24 21:36:14.719] log.py -> logMsg line:73 [INFO] : global dictionary：{'date': '2022-07-24 21:36:14.719834', 'time': '1658669774720', 'today': '24-Jul-2022', 'today+six': '30-Jul-2022', 'today-six': '18-Jul-2022'}
[2022-07-24 21:37:20.080] log.py -> logMsg line:73 [INFO] : step1: 1,openurl,打开浏览器,Logon,,https://weibo.com/,,,1,1,1,1
[2022-07-24 21:37:26.347] log.py -> logMsg line:73 [INFO] : run success 
[2022-07-24 21:37:26.347] log.py -> logMsg line:73 [INFO] : step2: 2,refresh,刷新,Logon,,,,,10,1,1,1
[2022-07-24 21:37:36.671] log.py -> logMsg line:73 [INFO] : run success 
[2022-07-24 21:37:36.671] log.py -> logMsg line:73 [INFO] : step3: 3,click,电影,Logon,//*[@id="app"]/div[1]/div[2]/div[2]/main/div[1]/div/div[1]/div/div/div/div[3]/div/div,,,,2,1,1,1
[2022-07-24 21:37:38.708] log.py -> logMsg line:75 [WARNING] : NotFound://*[@id="app"]/div[1]/div[2]/div[2]/main/div[1]/div/div[1]/div/div/div/div[3]/div/div
[2022-07-24 21:37:38.711] log.py -> logMsg line:77 [ERROR] : element locate fail
[2022-07-24 21:37:38.711] log.py -> logMsg line:73 [INFO] : case execute stop casue:None
[2022-07-24 21:37:51.854] log.py -> logMsg line:73 [INFO] : step1: 1,openurl,打开浏览器,Logon,,https://weibo.com/,,,1,1,1,1
[2022-07-24 21:37:57.866] log.py -> logMsg line:73 [INFO] : run success 
[2022-07-24 21:37:57.866] log.py -> logMsg line:73 [INFO] : step2: 2,refresh,刷新,Logon,,,,,10,1,1,1
[2022-07-24 21:38:08.792] log.py -> logMsg line:73 [INFO] : run success 
[2022-07-24 21:38:08.792] log.py -> logMsg line:73 [INFO] : step3: 3,click,电影,Logon,//*[@id="app"]/div[1]/div[2]/div[2]/main/div[1]/div/div[1]/div/div/div/div[3]/div/div,,,,2,1,1,1
[2022-07-24 21:38:12.172] log.py -> logMsg line:73 [INFO] : run success 
[2022-07-24 21:38:12.172] log.py -> logMsg line:73 [INFO] : step4: 4,close,close webdrive,Logon,,,,,2,1,1,1
[2022-07-24 21:38:14.772] log.py -> logMsg line:73 [INFO] : run success 
[2022-07-24 21:38:14.773] log.py -> logMsg line:73 [INFO] : step1: 1,openurl,打开浏览器,Logon,,https://weibo.com/,,,1,1,1,1
[2022-07-24 21:38:20.830] log.py -> logMsg line:73 [INFO] : run success 
[2022-07-24 21:38:20.831] log.py -> logMsg line:73 [INFO] : step2: 2,refresh,刷新,Logon,,,,,15,1,1,1
[2022-07-24 21:38:36.780] log.py -> logMsg line:73 [INFO] : run success 
[2022-07-24 21:38:36.781] log.py -> logMsg line:73 [INFO] : step3: 3,click,同城,Logon,//*[@id="app"]/div[1]/div[2]/div[2]/main/div[1]/div/div[1]/div/div/div/div[2]/div/div,,,,2,1,1,1
[2022-07-24 21:38:39.977] log.py -> logMsg line:73 [INFO] : run success 
[2022-07-24 21:38:39.977] log.py -> logMsg line:73 [INFO] : step4: 4,close,close webdrive,Logon,,,,,2,1,1,1
[2022-07-24 21:38:42.475] log.py -> logMsg line:73 [INFO] : run success 
[2022-07-24 21:38:42.476] log.py -> logMsg line:73 [INFO] : global dictionary：{'date': '2022-07-24 21:38:42.476022', 'time': '1658669922476', 'today': '24-Jul-2022', 'today+six': '30-Jul-2022', 'today-six': '18-Jul-2022'}
[2022-07-24 21:40:21.338] log.py -> logMsg line:73 [INFO] : step1: 1,openurl,打开浏览器,Logon,,https://weibo.com/,,,1,1,1,1
[2022-07-24 21:40:27.395] log.py -> logMsg line:73 [INFO] : run success 
[2022-07-24 21:40:27.395] log.py -> logMsg line:73 [INFO] : step2: 2,refresh,刷新,Logon,,,,,10,1,1,1
[2022-07-24 21:40:38.355] log.py -> logMsg line:73 [INFO] : run success 
[2022-07-24 21:40:38.355] log.py -> logMsg line:73 [INFO] : step3: 3,click,电影,Logon,//*[@id="app"]/div[1]/div[2]/div[2]/main/div[1]/div/div[1]/div/div/div/div[3]/div/div,,,,2,1,1,1
[2022-07-24 21:40:41.548] log.py -> logMsg line:73 [INFO] : run success 
[2022-07-24 21:40:41.548] log.py -> logMsg line:73 [INFO] : step4: 4,close,close webdrive,Logon,,,,,2,1,1,1
[2022-07-24 21:40:44.020] log.py -> logMsg line:73 [INFO] : run success 
[2022-07-24 21:40:44.020] log.py -> logMsg line:73 [INFO] : step1: 1,openurl,打开浏览器,Logon,,https://weibo.com/,,,1,1,1,1
[2022-07-24 21:40:50.045] log.py -> logMsg line:73 [INFO] : run success 
[2022-07-24 21:40:50.045] log.py -> logMsg line:73 [INFO] : step2: 2,refresh,刷新,Logon,,,,,15,1,1,1
[2022-07-24 21:41:06.025] log.py -> logMsg line:73 [INFO] : run success 
[2022-07-24 21:41:06.025] log.py -> logMsg line:73 [INFO] : step3: 3,click,同城,Logon,//*[@id="app"]/div[1]/div[2]/div[2]/main/div[1]/div/div[1]/div/div/div/div[2]/div/div,,,,2,1,1,1
[2022-07-24 21:41:09.398] log.py -> logMsg line:73 [INFO] : run success 
[2022-07-24 21:41:09.398] log.py -> logMsg line:73 [INFO] : step4: 4,close,close webdrive,Logon,,,,,2,1,1,1
[2022-07-24 21:41:11.898] log.py -> logMsg line:73 [INFO] : run success 
[2022-07-24 21:41:11.899] log.py -> logMsg line:73 [INFO] : global dictionary：{'date': '2022-07-24 21:41:11.899973', 'time': '1658670071900', 'today': '24-Jul-2022', 'today+six': '30-Jul-2022', 'today-six': '18-Jul-2022'}
[2022-07-24 21:55:15.617] log.py -> logMsg line:73 [INFO] : step1: 1,openurl,打开浏览器,Logon,,https://weibo.com/,,,1,1,1,1
[2022-07-24 21:55:22.984] log.py -> logMsg line:73 [INFO] : run success 
[2022-07-24 21:55:22.984] log.py -> logMsg line:73 [INFO] : step2: 2,refresh,刷新,Logon,,,,,10,1,1,1
[2022-07-24 21:55:33.826] log.py -> logMsg line:73 [INFO] : run success 
[2022-07-24 21:55:33.827] log.py -> logMsg line:73 [INFO] : step3: 3,click,电影,Logon,//*[@id="app"]/div[1]/div[2]/div[2]/main/div[1]/div/div[1]/div/div/div/div[3]/div/div,,,,2,1,1,1
[2022-07-24 21:55:36.663] log.py -> logMsg line:73 [INFO] : run success 
[2022-07-24 21:55:36.664] log.py -> logMsg line:73 [INFO] : step4: 4,close,close webdrive,Logon,,,,,2,1,1,1
[2022-07-24 21:55:39.247] log.py -> logMsg line:73 [INFO] : run success 
[2022-07-24 21:55:39.247] log.py -> logMsg line:73 [INFO] : step1: 1,openurl,打开浏览器,Logon,,https://weibo.com/,,,1,1,1,1
[2022-07-24 21:55:45.933] log.py -> logMsg line:73 [INFO] : run success 
[2022-07-24 21:55:45.934] log.py -> logMsg line:73 [INFO] : step2: 2,refresh,刷新,Logon,,,,,15,1,1,1
[2022-07-24 21:56:01.729] log.py -> logMsg line:73 [INFO] : run success 
[2022-07-24 21:56:01.729] log.py -> logMsg line:73 [INFO] : step3: 3,click,同城,Logon,//*[@id="app"]/div[1]/div[2]/div[2]/main/div[1]/div/div[1]/div/div/div/div[2]/div/div,,,,2,1,1,1
[2022-07-24 21:56:04.556] log.py -> logMsg line:73 [INFO] : run success 
[2022-07-24 21:56:04.556] log.py -> logMsg line:73 [INFO] : step4: 4,close,close webdrive,Logon,,,,,2,1,1,1
[2022-07-24 21:56:07.158] log.py -> logMsg line:73 [INFO] : run success 
[2022-07-24 21:56:07.160] log.py -> logMsg line:73 [INFO] : global dictionary：{'date': '2022-07-24 21:56:07.160160', 'time': '1658670967160', 'today': '24-Jul-2022', 'today+six': '30-Jul-2022', 'today-six': '18-Jul-2022'}
[2022-07-24 21:57:45.357] log.py -> logMsg line:73 [INFO] : step1: 1,openurl,打开浏览器,Logon,,https://weibo.com/,,,1,1,1,1
[2022-07-24 21:57:52.065] log.py -> logMsg line:73 [INFO] : run success 
[2022-07-24 21:57:52.065] log.py -> logMsg line:73 [INFO] : step2: 2,refresh,刷新,Logon,,,,,10,1,1,1
[2022-07-24 21:58:02.818] log.py -> logMsg line:73 [INFO] : run success 
[2022-07-24 21:58:02.818] log.py -> logMsg line:73 [INFO] : step3: 3,click,电影,Logon,//*[@id="app"]/div[1]/div[2]/div[2]/main/div[1]/div/div[1]/div/div/div/div[3]/div/div,,,,2,1,1,1
[2022-07-24 21:58:05.639] log.py -> logMsg line:73 [INFO] : run success 
[2022-07-24 21:58:05.640] log.py -> logMsg line:73 [INFO] : step4: 4,close,close webdrive,Logon,,,,,2,1,1,1
[2022-07-24 21:58:08.117] log.py -> logMsg line:73 [INFO] : run success 
[2022-07-24 21:58:08.117] log.py -> logMsg line:73 [INFO] : step1: 1,openurl,打开浏览器,Logon,,https://weibo.com/,,,1,1,1,1
[2022-07-24 21:58:14.833] log.py -> logMsg line:73 [INFO] : run success 
[2022-07-24 21:58:14.833] log.py -> logMsg line:73 [INFO] : step2: 2,refresh,刷新,Logon,,,,,15,1,1,1
[2022-07-24 21:58:30.609] log.py -> logMsg line:73 [INFO] : run success 
[2022-07-24 21:58:30.609] log.py -> logMsg line:73 [INFO] : step3: 3,click,同城,Logon,//*[@id="app"]/div[1]/div[2]/div[2]/main/div[1]/div/div[1]/div/div/div/div[2]/div/div,,,,2,1,1,1
[2022-07-24 21:58:33.490] log.py -> logMsg line:73 [INFO] : run success 
[2022-07-24 21:58:33.490] log.py -> logMsg line:73 [INFO] : step4: 4,quit,close webdrive,Logon,,,,,2,1,1,1
[2022-07-24 21:58:35.998] log.py -> logMsg line:73 [INFO] : run success 
[2022-07-24 21:58:36.000] log.py -> logMsg line:73 [INFO] : global dictionary：{'date': '2022-07-24 21:58:36.000830', 'time': '1658671116001', 'today': '24-Jul-2022', 'today+six': '30-Jul-2022', 'today-six': '18-Jul-2022'}
